2020-09-02 21:07:46,114 [Worker-8: Loading available Gradle versions] INFO  o.e.b.c.i.u.g.PublishedGradleVersions - Gradle version information cache is out-of-date. Trying to update.
2020-09-02 21:10:35,562 [Worker-5: 入門コンテンツのインポート] INFO  o.e.m.c.i.l.LifecycleMappingFactory - Using org.eclipse.m2e.jdt.JarLifecycleMapping lifecycle mapping for MavenProject: com.example:spring-boot1:0.0.1-SNAPSHOT @ C:\Users\ladyr\Documents\proglaming_practice\spring-boot1\spring-boot1\pom.xml.
2020-09-02 21:10:47,016 [Worker-5: 入門コンテンツのインポート] INFO  o.e.m.j.i.AbstractJavaProjectConfigurator - Adding source folder /spring-boot1/src/main/java
2020-09-02 21:10:47,018 [Worker-5: 入門コンテンツのインポート] INFO  o.e.m.j.i.AbstractJavaProjectConfigurator - Adding resource folder /spring-boot1/src/main/resources
2020-09-02 21:10:47,038 [Worker-5: 入門コンテンツのインポート] INFO  o.e.m.j.i.AbstractJavaProjectConfigurator - Adding resource folder /spring-boot1/src/main/resources
2020-09-02 21:10:47,061 [Worker-5: 入門コンテンツのインポート] INFO  o.e.m.j.i.AbstractJavaProjectConfigurator - Adding source folder /spring-boot1/src/test/java
2020-09-02 21:10:54,087 [Worker-5: 入門コンテンツのインポート] INFO  o.e.m.c.i.p.ProjectConfigurationManager - Imported and configured 1 project(s) in 29 sec
2020-09-02 21:10:54,092 [Worker-5: 入門コンテンツのインポート] INFO  o.e.m.c.i.p.ProjectConfigurationManager - Update started
2020-09-02 21:10:55,785 [Worker-5: 入門コンテンツのインポート] INFO  o.e.m.c.i.l.LifecycleMappingFactory - Using org.eclipse.m2e.jdt.JarLifecycleMapping lifecycle mapping for MavenProject: com.example:spring-boot1:0.0.1-SNAPSHOT @ C:\Users\ladyr\Documents\proglaming_practice\spring-boot1\spring-boot1\pom.xml.
2020-09-02 21:10:57,495 [Worker-5: 入門コンテンツのインポート] INFO  o.e.m.j.i.AbstractJavaProjectConfigurator - Adding source folder /spring-boot1/src/main/java
2020-09-02 21:10:57,496 [Worker-5: 入門コンテンツのインポート] INFO  o.e.m.j.i.AbstractJavaProjectConfigurator - Adding resource folder /spring-boot1/src/main/resources
2020-09-02 21:10:57,502 [Worker-5: 入門コンテンツのインポート] INFO  o.e.m.j.i.AbstractJavaProjectConfigurator - Adding resource folder /spring-boot1/src/main/resources
2020-09-02 21:10:57,511 [Worker-5: 入門コンテンツのインポート] INFO  o.e.m.j.i.AbstractJavaProjectConfigurator - Adding source folder /spring-boot1/src/test/java
2020-09-02 21:10:58,716 [Worker-5: 入門コンテンツのインポート] INFO  o.e.m.c.i.p.ProjectConfigurationManager - Update completed: 4 sec
2020-09-02 21:10:58,989 [Worker-2: Maven プロジェクトの更新中] INFO  o.e.m.c.i.p.ProjectConfigurationManager - Update started
2020-09-02 21:11:00,474 [Worker-2: Maven プロジェクトの更新中] INFO  o.e.m.c.i.l.LifecycleMappingFactory - Using org.eclipse.m2e.jdt.JarLifecycleMapping lifecycle mapping for MavenProject: com.example:spring-boot1:0.0.1-SNAPSHOT @ C:\Users\ladyr\Documents\proglaming_practice\spring-boot1\spring-boot1\pom.xml.
2020-09-02 21:11:03,440 [Worker-2: Maven プロジェクトの更新中] INFO  o.e.m.j.i.AbstractJavaProjectConfigurator - Adding source folder /spring-boot1/src/main/java
2020-09-02 21:11:03,441 [Worker-2: Maven プロジェクトの更新中] INFO  o.e.m.j.i.AbstractJavaProjectConfigurator - Adding resource folder /spring-boot1/src/main/resources
2020-09-02 21:11:03,443 [Worker-2: Maven プロジェクトの更新中] INFO  o.e.m.j.i.AbstractJavaProjectConfigurator - Adding resource folder /spring-boot1/src/main/resources
2020-09-02 21:11:03,444 [Worker-2: Maven プロジェクトの更新中] INFO  o.e.m.j.i.AbstractJavaProjectConfigurator - Adding source folder /spring-boot1/src/test/java
2020-09-02 21:11:04,084 [Worker-2: Maven プロジェクトの更新中] INFO  o.e.m.c.i.p.ProjectConfigurationManager - Update completed: 5 sec
2020-09-02 21:11:04,090 [Worker-2: Maven プロジェクトの更新中] INFO  o.e.m.c.i.p.ProjectConfigurationManager - Update started
2020-09-02 21:11:05,455 [Worker-2: Maven プロジェクトの更新中] INFO  o.e.m.c.i.l.LifecycleMappingFactory - Using org.eclipse.m2e.jdt.JarLifecycleMapping lifecycle mapping for MavenProject: com.example:spring-boot1:0.0.1-SNAPSHOT @ C:\Users\ladyr\Documents\proglaming_practice\spring-boot1\spring-boot1\pom.xml.
2020-09-02 21:11:07,138 [Worker-2: Maven プロジェクトの更新中] INFO  o.e.m.j.i.AbstractJavaProjectConfigurator - Adding source folder /spring-boot1/src/main/java
2020-09-02 21:11:07,138 [Worker-2: Maven プロジェクトの更新中] INFO  o.e.m.j.i.AbstractJavaProjectConfigurator - Adding resource folder /spring-boot1/src/main/resources
2020-09-02 21:11:07,139 [Worker-2: Maven プロジェクトの更新中] INFO  o.e.m.j.i.AbstractJavaProjectConfigurator - Adding resource folder /spring-boot1/src/main/resources
2020-09-02 21:11:07,140 [Worker-2: Maven プロジェクトの更新中] INFO  o.e.m.j.i.AbstractJavaProjectConfigurator - Adding source folder /spring-boot1/src/test/java
2020-09-02 21:11:07,670 [Worker-2: Maven プロジェクトの更新中] INFO  o.e.m.c.i.p.ProjectConfigurationManager - Update completed: 3 sec
2020-09-02 21:11:07,677 [Worker-7: Maven プロジェクトの更新中] INFO  o.e.m.c.i.p.ProjectConfigurationManager - Update started
2020-09-02 21:11:09,918 [Worker-7: Maven プロジェクトの更新中] INFO  o.e.m.c.i.l.LifecycleMappingFactory - Using org.eclipse.m2e.jdt.JarLifecycleMapping lifecycle mapping for MavenProject: com.example:spring-boot1:0.0.1-SNAPSHOT @ C:\Users\ladyr\Documents\proglaming_practice\spring-boot1\spring-boot1\pom.xml.
2020-09-02 21:11:11,305 [Worker-7: Maven プロジェクトの更新中] INFO  o.e.m.j.i.AbstractJavaProjectConfigurator - Adding source folder /spring-boot1/src/main/java
2020-09-02 21:11:11,305 [Worker-7: Maven プロジェクトの更新中] INFO  o.e.m.j.i.AbstractJavaProjectConfigurator - Adding resource folder /spring-boot1/src/main/resources
2020-09-02 21:11:11,306 [Worker-7: Maven プロジェクトの更新中] INFO  o.e.m.j.i.AbstractJavaProjectConfigurator - Adding resource folder /spring-boot1/src/main/resources
2020-09-02 21:11:11,307 [Worker-7: Maven プロジェクトの更新中] INFO  o.e.m.j.i.AbstractJavaProjectConfigurator - Adding source folder /spring-boot1/src/test/java
2020-09-02 21:11:11,959 [Worker-7: Maven プロジェクトの更新中] INFO  o.e.m.c.i.p.ProjectConfigurationManager - Update completed: 4 sec
2020-09-02 21:11:13,394 [Worker-4: ビルド] INFO  o.e.m.c.i.embedder.EclipseLogger - Using 'UTF-8' encoding to copy filtered resources.
2020-09-02 21:11:13,417 [Worker-4: ビルド] INFO  o.e.m.c.i.embedder.EclipseLogger - Copying 1 resource
2020-09-02 21:11:13,438 [Worker-4: ビルド] INFO  o.e.m.c.i.embedder.EclipseLogger - Copying 0 resource
2020-09-02 21:11:13,442 [Worker-4: ビルド] INFO  o.e.m.c.i.embedder.EclipseLogger - Using 'UTF-8' encoding to copy filtered resources.
2020-09-02 21:11:13,442 [Worker-4: ビルド] INFO  o.e.m.c.i.embedder.EclipseLogger - skip non existing resourceDirectory C:\Users\ladyr\Documents\proglaming_practice\spring-boot1\spring-boot1\src\test\resources
2020-09-02 21:19:04,496 [Worker-16: ビルド] INFO  o.e.m.c.i.embedder.EclipseLogger - Using 'UTF-8' encoding to copy filtered resources.
2020-09-02 21:19:04,503 [Worker-16: ビルド] INFO  o.e.m.c.i.embedder.EclipseLogger - Copying 1 resource
2020-09-02 21:19:04,507 [Worker-16: ビルド] INFO  o.e.m.c.i.embedder.EclipseLogger - Copying 0 resource
2020-09-02 21:19:04,512 [Worker-16: ビルド] INFO  o.e.m.c.i.embedder.EclipseLogger - Using 'UTF-8' encoding to copy filtered resources.
2020-09-02 21:19:04,513 [Worker-16: ビルド] INFO  o.e.m.c.i.embedder.EclipseLogger - skip non existing resourceDirectory C:\Users\ladyr\Documents\proglaming_practice\spring-boot1\spring-boot1\src\test\resources
2020-09-02 21:24:07,862 [Worker-16: ビルド] INFO  o.e.m.c.i.embedder.EclipseLogger - Using 'UTF-8' encoding to copy filtered resources.
2020-09-02 21:24:07,867 [Worker-16: ビルド] INFO  o.e.m.c.i.embedder.EclipseLogger - Copying 0 resource
2020-09-02 21:24:07,875 [Worker-16: ビルド] INFO  o.e.m.c.i.embedder.EclipseLogger - Copying 1 resource
2020-09-02 21:24:07,900 [Worker-16: ビルド] INFO  o.e.m.c.i.embedder.EclipseLogger - Using 'UTF-8' encoding to copy filtered resources.
2020-09-02 21:24:07,901 [Worker-16: ビルド] INFO  o.e.m.c.i.embedder.EclipseLogger - skip non existing resourceDirectory C:\Users\ladyr\Documents\proglaming_practice\spring-boot1\spring-boot1\src\test\resources
2020-09-02 21:26:11,589 [Worker-20: ビルド] INFO  o.e.m.c.i.embedder.EclipseLogger - Using 'UTF-8' encoding to copy filtered resources.
2020-09-02 21:26:11,589 [Worker-20: ビルド] INFO  o.e.m.c.i.embedder.EclipseLogger - Copying 0 resource
2020-09-02 21:26:11,590 [Worker-20: ビルド] INFO  o.e.m.c.i.embedder.EclipseLogger - Copying 1 resource
2020-09-02 21:26:11,598 [Worker-20: ビルド] INFO  o.e.m.c.i.embedder.EclipseLogger - Using 'UTF-8' encoding to copy filtered resources.
2020-09-02 21:26:11,599 [Worker-20: ビルド] INFO  o.e.m.c.i.embedder.EclipseLogger - skip non existing resourceDirectory C:\Users\ladyr\Documents\proglaming_practice\spring-boot1\spring-boot1\src\test\resources
2020-09-02 21:26:14,453 [Worker-18: ビルド] INFO  o.e.m.c.i.embedder.EclipseLogger - Using 'UTF-8' encoding to copy filtered resources.
2020-09-02 21:26:14,456 [Worker-18: ビルド] INFO  o.e.m.c.i.embedder.EclipseLogger - Copying 1 resource
2020-09-02 21:26:14,461 [Worker-18: ビルド] INFO  o.e.m.c.i.embedder.EclipseLogger - Copying 1 resource
2020-09-02 21:26:14,466 [Worker-18: ビルド] INFO  o.e.m.c.i.embedder.EclipseLogger - Using 'UTF-8' encoding to copy filtered resources.
2020-09-02 21:26:14,466 [Worker-18: ビルド] INFO  o.e.m.c.i.embedder.EclipseLogger - skip non existing resourceDirectory C:\Users\ladyr\Documents\proglaming_practice\spring-boot1\spring-boot1\src\test\resources
2020-09-02 21:29:02,672 [Worker-21: ビルド] INFO  o.e.m.c.i.embedder.EclipseLogger - Using 'UTF-8' encoding to copy filtered resources.
2020-09-02 21:29:02,674 [Worker-21: ビルド] INFO  o.e.m.c.i.embedder.EclipseLogger - Copying 1 resource
2020-09-02 21:29:02,677 [Worker-21: ビルド] INFO  o.e.m.c.i.embedder.EclipseLogger - Copying 1 resource
2020-09-02 21:29:02,680 [Worker-21: ビルド] INFO  o.e.m.c.i.embedder.EclipseLogger - Using 'UTF-8' encoding to copy filtered resources.
2020-09-02 21:29:02,680 [Worker-21: ビルド] INFO  o.e.m.c.i.embedder.EclipseLogger - skip non existing resourceDirectory C:\Users\ladyr\Documents\proglaming_practice\spring-boot1\spring-boot1\src\test\resources
